\BOOKMARK [1][-]{section*.5}{\376\377\004\022\004\022\004\025\004\024\004\025\004\035\004\030\004\025}{}% 1
\BOOKMARK [1][-]{section.1}{\376\377\004\020\004\075\004\060\004\073\004\070\004\067\000\040\004\077\004\100\004\065\004\064\004\074\004\065\004\102\004\075\004\076\004\071\000\040\004\076\004\061\004\073\004\060\004\101\004\102\004\070}{}% 2
\BOOKMARK [2][-]{subsection.1.1}{\376\377\004\036\004\077\004\070\004\101\004\060\004\075\004\070\004\065\000\040\004\077\004\100\004\065\004\064\004\074\004\065\004\102\004\075\004\076\004\071\000\040\004\076\004\061\004\073\004\060\004\101\004\102\004\070}{section.1}% 3
\BOOKMARK [2][-]{subsection.1.2}{\376\377\004\040\004\076\004\073\004\114\000\040\004\070\004\101\004\072\004\103\004\101\004\101\004\102\004\062\004\065\004\075\004\075\004\076\004\063\004\076\000\040\004\070\004\075\004\102\004\065\004\073\004\073\004\065\004\072\004\102\004\060\000\040\004\062\000\040\004\101\004\065\004\073\004\114\004\101\004\072\004\076\004\074\000\040\004\105\004\076\004\067\004\117\004\071\004\101\004\102\004\062\004\065}{section.1}% 4
\BOOKMARK [2][-]{subsection.1.3}{\376\377\004\041\004\062\004\065\004\100\004\102\004\076\004\107\004\075\004\113\004\065\000\040\004\075\004\065\004\071\004\100\004\076\004\075\004\075\004\113\004\065\000\040\004\101\004\065\004\102\004\070}{section.1}% 5
\BOOKMARK [2][-]{subsection.1.4}{\376\377\004\020\004\075\004\060\004\073\004\070\004\067\000\040\004\076\004\101\004\075\004\076\004\062\004\075\004\113\004\105\000\040\004\062\004\070\004\064\004\076\004\062\000\040\004\067\004\060\004\061\004\076\004\073\004\065\004\062\004\060\004\075\004\070\004\071\000\040\004\102\004\076\004\074\004\060\004\102\004\076\004\062}{section.1}% 6
\BOOKMARK [2][-]{subsection.1.5}{\376\377\004\020\004\075\004\060\004\073\004\070\004\067\000\040\004\101\004\103\004\111\004\065\004\101\004\102\004\062\004\103\004\116\004\111\004\070\004\105\000\040\004\100\004\065\004\110\004\065\004\075\004\070\004\071}{section.1}% 7
\BOOKMARK [1][-]{section.2}{\376\377\004\042\004\065\004\105\004\075\004\070\004\107\004\065\004\101\004\072\004\076\004\065\000\040\004\067\004\060\004\064\004\060\004\075\004\070\004\065}{}% 8
\BOOKMARK [2][-]{subsection.2.1}{\376\377\004\036\004\101\004\075\004\076\004\062\004\060\004\075\004\070\004\065\000\040\004\064\004\073\004\117\000\040\004\100\004\060\004\067\004\100\004\060\004\061\004\076\004\102\004\072\004\070}{section.2}% 9
\BOOKMARK [2][-]{subsection.2.2}{\376\377\004\046\004\065\004\073\004\114\000\040\004\070\000\040\004\075\004\060\004\067\004\075\004\060\004\107\004\065\004\075\004\070\004\065\000\040\004\100\004\060\004\067\004\100\004\060\004\061\004\076\004\102\004\072\004\070}{section.2}% 10
\BOOKMARK [2][-]{subsection.2.3}{\376\377\004\020\004\072\004\102\004\103\004\060\004\073\004\114\004\075\004\076\004\101\004\102\004\114\000\040\004\102\004\065\004\074\004\113\000\040\004\100\004\060\004\067\004\100\004\060\004\061\004\076\004\102\004\072\004\070}{section.2}% 11
\BOOKMARK [2][-]{subsection.2.4}{\376\377\004\055\004\102\004\060\004\077\004\113\000\040\004\100\004\060\004\067\004\100\004\060\004\061\004\076\004\102\004\072\004\070}{section.2}% 12
\BOOKMARK [2][-]{subsection.2.5}{\376\377\004\042\004\100\004\065\004\061\004\076\004\062\004\060\004\075\004\070\004\117\000\040\004\072\000\040\004\077\004\100\004\076\004\063\004\100\004\060\004\074\004\074\004\075\004\076\004\071\000\040\004\101\004\070\004\101\004\102\004\065\004\074\004\065}{section.2}% 13
\BOOKMARK [3][-]{subsubsection.2.5.1}{\376\377\004\042\004\100\004\065\004\061\004\076\004\062\004\060\004\075\004\070\004\117\000\040\004\072\000\040\004\064\004\060\004\075\004\075\004\113\004\074}{subsection.2.5}% 14
\BOOKMARK [3][-]{subsubsection.2.5.2}{\376\377\004\044\004\103\004\075\004\072\004\106\004\070\004\076\004\075\004\060\004\073\004\114\004\075\004\113\004\065\000\040\004\102\004\100\004\065\004\061\004\076\004\062\004\060\004\075\004\070\004\117}{subsection.2.5}% 15
\BOOKMARK [3][-]{subsubsection.2.5.3}{\376\377\004\041\004\106\004\065\004\075\004\060\004\100\004\070\004\071\000\040\004\077\004\100\004\065\004\106\004\065\004\064\004\065\004\075\004\102\004\060\000\040\004\077\004\076\004\073\004\114\004\067\004\076\004\062\004\060\004\102\004\065\004\073\004\117\000\040\000\253\004\027\004\060\004\063\004\100\004\103\004\067\004\072\004\060\000\040\004\070\004\067\004\076\004\061\004\100\004\060\004\066\004\065\004\075\004\070\004\117\000\273}{subsection.2.5}% 16
\BOOKMARK [3][-]{subsubsection.2.5.4}{\376\377\004\041\004\106\004\065\004\075\004\060\004\100\004\070\004\071\000\040\004\077\004\100\004\065\004\106\004\065\004\064\004\065\004\075\004\102\004\060\000\040\004\077\004\076\004\073\004\114\004\067\004\076\004\062\004\060\004\102\004\065\004\073\004\117\000\040\000\253\004\037\004\100\004\076\004\101\004\074\004\076\004\102\004\100\000\040\004\076\004\077\004\070\004\101\004\060\004\075\004\070\004\117\000\040\004\077\004\100\004\076\004\061\004\073\004\065\004\074\004\113\000\273}{subsection.2.5}% 17
\BOOKMARK [3][-]{subsubsection.2.5.5}{\376\377\004\041\004\106\004\065\004\075\004\060\004\100\004\070\004\071\000\040\004\077\004\100\004\065\004\106\004\065\004\064\004\065\004\075\004\102\004\060\000\040\004\077\004\076\004\073\004\114\004\067\004\076\004\062\004\060\004\102\004\065\004\073\004\117\000\040\000\253\004\037\004\100\004\076\004\101\004\074\004\076\004\102\004\100\000\040\004\100\004\065\004\072\004\076\004\074\004\065\004\075\004\064\004\060\004\106\004\070\004\071\000\040\004\077\004\076\000\040\004\073\004\065\004\107\004\065\004\075\004\070\004\116\000\040\004\070\000\040\004\077\004\100\004\076\004\104\004\070\004\073\004\060\004\072\004\102\004\070\004\072\004\065\000\273}{subsection.2.5}% 18
\BOOKMARK [3][-]{subsubsection.2.5.6}{\376\377\004\041\004\106\004\065\004\075\004\060\004\100\004\070\004\071\000\040\004\077\004\100\004\065\004\106\004\065\004\064\004\065\004\075\004\102\004\060\000\040\004\077\004\076\004\073\004\114\004\067\004\076\004\062\004\060\004\102\004\065\004\073\004\117\000\040\000\253\004\037\004\100\004\076\004\101\004\074\004\076\004\102\004\100\000\040\004\100\004\065\004\072\004\076\004\074\004\065\004\075\004\064\004\060\004\106\004\070\004\071\000\040\004\077\004\076\000\040\004\077\004\100\004\076\004\104\004\070\004\073\004\060\004\072\004\102\004\070\004\072\004\065\000\273}{subsection.2.5}% 19
\BOOKMARK [2][-]{subsection.2.6}{\376\377\004\042\004\100\004\065\004\061\004\076\004\062\004\060\004\075\004\070\004\117\000\040\004\077\004\076\004\073\004\114\004\067\004\076\004\062\004\060\004\102\004\065\004\073\004\117\000\040\004\072\000\040\004\070\004\075\004\102\004\065\004\100\004\104\004\065\004\071\004\101\004\103\000\040\000w\000e\000b\000-\004\070\004\075\004\102\004\065\004\100\004\104\004\065\004\071\004\101\004\060}{section.2}% 20
\BOOKMARK [2][-]{subsection.2.7}{\376\377\004\035\004\065\004\104\004\103\004\075\004\072\004\106\004\070\004\076\004\075\004\060\004\073\004\114\004\075\004\113\004\065\000\040\004\102\004\100\004\065\004\061\004\076\004\062\004\060\004\075\004\070\004\117}{section.2}% 21
\BOOKMARK [3][-]{subsubsection.2.7.1}{\376\377\004\042\004\100\004\065\004\061\004\076\004\062\004\060\004\075\004\070\004\117\000\040\004\072\000\040\004\077\004\100\004\076\004\063\004\100\004\060\004\074\004\074\004\075\004\076\004\074\004\103\000\040\004\076\004\061\004\065\004\101\004\077\004\065\004\107\004\065\004\075\004\070\004\116}{subsection.2.7}% 22
\BOOKMARK [2][-]{subsection.2.8}{\376\377\004\036\004\063\004\100\004\060\004\075\004\070\004\107\004\065\004\075\004\070\004\117}{section.2}% 23
\BOOKMARK [3][-]{subsubsection.2.8.1}{\376\377\004\042\004\100\004\065\004\061\004\076\004\062\004\060\004\075\004\070\004\117\000\040\004\072\000\040\004\060\004\077\004\077\004\060\004\100\004\060\004\102\004\075\004\076\004\074\004\103\000\040\004\076\004\061\004\065\004\101\004\077\004\065\004\107\004\065\004\075\004\070\004\116}{subsection.2.8}% 24
\BOOKMARK [2][-]{subsection.2.9}{\376\377\004\042\004\100\004\065\004\061\004\076\004\062\004\060\004\075\004\070\004\117\000\040\004\072\000\040\004\076\004\104\004\076\004\100\004\074\004\073\004\065\004\075\004\070\004\116\000\040\004\064\004\076\004\072\004\103\004\074\004\065\004\075\004\102\004\060\004\106\004\070\004\070}{section.2}% 25
\BOOKMARK [1][-]{section.3}{\376\377\004\042\004\065\004\105\004\075\004\070\004\107\004\065\004\101\004\072\004\070\004\071\000\040\004\077\004\100\004\076\004\065\004\072\004\102}{}% 26
\BOOKMARK [2][-]{subsection.3.1}{\376\377\004\036\004\061\004\111\004\060\004\117\000\040\004\105\004\060\004\100\004\060\004\072\004\102\004\065\004\100\004\070\004\101\004\102\004\070\004\072\004\060\000\040\004\076\004\100\004\063\004\060\004\075\004\070\004\067\004\060\004\106\004\070\004\070\000\040\004\100\004\065\004\110\004\065\004\075\004\070\004\117\000\040\004\067\004\060\004\064\004\060\004\107\004\070}{section.3}% 27
\BOOKMARK [2][-]{subsection.3.2}{\376\377\004\036\004\061\004\076\004\101\004\075\004\076\004\062\004\060\004\075\004\070\004\065\000\040\004\062\004\113\004\061\004\076\004\100\004\060\000\040\004\102\004\065\004\105\004\075\004\076\004\073\004\076\004\063\004\070\004\070\000\040\004\077\004\100\004\076\004\065\004\072\004\102\004\070\004\100\004\076\004\062\004\060\004\075\004\070\004\117}{section.3}% 28
\BOOKMARK [3][-]{subsubsection.3.2.1}{\376\377\004\057\004\067\004\113\004\072\000\040\004\077\004\100\004\076\004\063\004\100\004\060\004\074\004\074\004\070\004\100\004\076\004\062\004\060\004\075\004\070\004\117\000\040\000P\000y\000t\000h\000o\000n}{subsection.3.2}% 29
\BOOKMARK [3][-]{subsubsection.3.2.2}{\376\377\000G\000o\000o\000g\000l\000e\000\040\000C\000o\000l\000a\000b}{subsection.3.2}% 30
\BOOKMARK [3][-]{subsubsection.3.2.3}{\376\377\004\044\004\100\004\065\004\071\004\074\004\062\004\076\004\100\004\072\000\040\000P\000y\000T\000o\000r\000c\000h}{subsection.3.2}% 31
\BOOKMARK [3][-]{subsubsection.3.2.4}{\376\377\000Y\000O\000L\000O\000\040\0001\0001}{subsection.3.2}% 32
\BOOKMARK [3][-]{subsubsection.3.2.5}{\376\377\004\044\004\100\004\065\004\071\004\074\004\062\004\076\004\100\004\072\000\040\000F\000l\000a\000s\000k}{subsection.3.2}% 33
\BOOKMARK [3][-]{subsubsection.3.2.6}{\376\377\000P\000o\000s\000t\000g\000r\000e\000S\000Q\000L}{subsection.3.2}% 34
\BOOKMARK [2][-]{subsection.3.3}{\376\377\004\020\004\100\004\105\004\070\004\102\004\065\004\072\004\102\004\103\004\100\004\060\000\040\004\077\004\100\004\076\004\063\004\100\004\060\004\074\004\074\004\075\004\076\004\071\000\040\004\101\004\070\004\101\004\102\004\065\004\074\004\113}{section.3}% 35
\BOOKMARK [3][-]{subsubsection.3.3.1}{\376\377\004\020\004\100\004\105\004\070\004\102\004\065\004\072\004\102\004\103\004\100\004\060\000\040\004\075\004\065\004\071\004\100\004\076\004\075\004\075\004\076\004\071\000\040\004\101\004\065\004\102\004\070}{subsection.3.3}% 36
\BOOKMARK [4][-]{paragraph.3.3.1.1}{\376\377\000B\000a\000c\000k\000b\000o\000n\000e}{subsubsection.3.3.1}% 37
\BOOKMARK [4][-]{paragraph.3.3.1.2}{\376\377\000N\000e\000c\000k}{subsubsection.3.3.1}% 38
\BOOKMARK [4][-]{paragraph.3.3.1.3}{\376\377\000H\000e\000a\000d}{subsubsection.3.3.1}% 39
\BOOKMARK [2][-]{subsection.3.4}{\376\377\004\041\004\102\004\100\004\103\004\072\004\102\004\103\004\100\004\060\000\040\004\074\004\076\004\064\004\103\004\073\004\065\004\071\000\040\004\077\004\100\004\076\004\063\004\100\004\060\004\074\004\074\004\113}{section.3}% 40
\BOOKMARK [2][-]{subsection.3.5}{\376\377\004\041\004\102\004\100\004\103\004\072\004\102\004\103\004\100\004\060\000\040\004\061\004\060\004\067\004\113\000\040\004\064\004\060\004\075\004\075\004\113\004\105}{section.3}% 41
\BOOKMARK [1][-]{section.4}{\376\377\004\040\004\060\004\061\004\076\004\107\004\070\004\071\000\040\004\077\004\100\004\076\004\065\004\072\004\102}{}% 42
\BOOKMARK [2][-]{subsection.4.1}{\376\377\004\032\004\073\004\060\004\101\004\101\004\113\000,\000\040\004\070\004\101\004\077\004\076\004\073\004\114\004\067\004\103\004\065\004\074\004\113\004\065\000\040\004\077\004\100\004\070\000\040\004\100\004\060\004\067\004\100\004\060\004\061\004\076\004\102\004\072\004\065\000\040\004\101\004\060\004\071\004\102\004\060}{section.4}% 43
\BOOKMARK [2][-]{subsection.4.2}{\376\377\004\034\004\076\004\064\004\103\004\073\004\114\004\075\004\076\004\065\000\040\004\102\004\065\004\101\004\102\004\070\004\100\004\076\004\062\004\060\004\075\004\070\004\065\000\040\004\100\004\060\004\067\004\100\004\060\004\061\004\076\004\102\004\060\004\075\004\075\004\076\004\063\004\076\000\040\000w\000e\000b\000-\004\101\004\060\004\071\004\102\004\060}{section.4}% 44
\BOOKMARK [2][-]{subsection.4.3}{\376\377\004\041\004\070\004\101\004\102\004\065\004\074\004\075\004\076\004\065\000\040\004\102\004\065\004\101\004\102\004\070\004\100\004\076\004\062\004\060\004\075\004\070\004\065\000\040\004\100\004\060\004\067\004\100\004\060\004\061\004\076\004\102\004\060\004\075\004\075\004\076\004\063\004\076\000\040\000w\000e\000b\000-\004\101\004\060\004\071\004\102\004\060}{section.4}% 45
\BOOKMARK [1][-]{section*.30}{\376\377\004\027\004\020\004\032\004\033\004\056\004\047\004\025\004\035\004\030\004\025}{}% 46
\BOOKMARK [1][-]{Item.53}{\376\377\004\041\004\037\004\030\004\041\004\036\004\032\000\040\004\030\004\041\004\037\004\036\004\033\004\054\004\027\004\036\004\022\004\020\004\035\004\035\004\053\004\045\000\040\004\030\004\041\004\042\004\036\004\047\004\035\004\030\004\032\004\036\004\022}{}% 47
\BOOKMARK [1][-]{section*.32}{\376\377\004\037\004\040\004\030\004\033\004\036\004\026\004\025\004\035\004\030\004\025\000\040\004\020\000\040\004\037\004\100\004\065\004\064\004\101\004\102\004\060\004\062\004\073\004\065\004\075\004\070\004\065\000\040\004\063\004\100\004\060\004\104\004\070\004\107\004\065\004\101\004\072\004\076\004\063\004\076\000\040\004\074\004\060\004\102\004\065\004\100\004\070\004\060\004\073\004\060}{}% 48
\BOOKMARK [1][-]{section*.37}{\376\377\004\037\004\040\004\030\004\033\004\036\004\026\004\025\004\035\004\030\004\025\000\040\004\021\000\040\004\044\004\100\004\060\004\063\004\074\004\065\004\075\004\102\004\113\000\040\004\070\004\101\004\105\004\076\004\064\004\075\004\076\004\063\004\076\000\040\004\072\004\076\004\064\004\060\000\040\004\077\004\100\004\076\004\063\004\100\004\060\004\074\004\074\004\113}{}% 49
\BOOKMARK [1][-]{lstnumber.-2.49}{\376\377\004\035\004\060\000\040\004\076\004\102\004\064\004\065\004\073\004\114\004\075\004\113\004\105\000\040\004\073\004\070\004\101\004\102\004\060\004\105\000\040\000\050\000C\000D\000-\000R\000W\000\040\004\062\000\040\004\077\004\100\004\070\004\072\004\100\004\065\004\077\004\073\004\065\004\075\004\075\004\076\004\074\000\040\004\072\004\076\004\075\004\062\004\065\004\100\004\102\004\065\000\051}{}% 50
